<?xml version="1.0" encoding="UTF-8"?>
<testsuites name="Mocha Tests" time="0.0000" tests="2" failures="1">
  <testsuite name="Root Suite" timestamp="2026-03-03T21:50:03" tests="0" file="cypress/integration/search_visual.spec.js" time="0.0000" failures="0">
  </testsuite>
  <testsuite name="Search for books - eyes" timestamp="2026-03-03T21:50:03" tests="2" time="0.0000" failures="1">
    <testcase name="Search for books - eyes &quot;before each&quot; hook for &quot;eyes should return one book with title Agile Testing&quot;" time="0.0000" classname="&quot;before each&quot; hook for &quot;eyes should return one book with title Agile Testing&quot;">
      <failure message="IllegalArgument: appName is null or undefined

Because this error occurred during a `before each` hook we are skipping the remaining tests in the current suite: `Search for books - eyes`" type="CypressError"><![CDATA[[object Object]
Error: IllegalArgument: appName is null or undefined

Because this error occurred during a `before each` hook we are skipping the remaining tests in the current suite: `Search for books - eyes`
    at Object.notNull (C:\Users\USER\IdeaProjects\automation-bookstore\e2e\node_modules\@applitools\eyes-sdk-core\lib\utils\ArgumentGuard.js:37:11)
    at Object.open (C:\Users\USER\IdeaProjects\automation-bookstore\e2e\node_modules\@applitools\eyes-sdk-core\lib\sdk\EyesVisualGrid.js:77:19)
    at processTicksAndRejections (internal/process/task_queues.js:93:5)
    at async Object.openEyes (C:\Users\USER\IdeaProjects\automation-bookstore\e2e\node_modules\@applitools\eyes-sdk-core\lib\new\open-eyes.js:43:5)
    at async C:\Users\USER\IdeaProjects\automation-bookstore\e2e\node_modules\@applitools\eyes-universal\dist\universal-server.js:123:26
    at async C:\Users\USER\IdeaProjects\automation-bookstore\e2e\node_modules\@applitools\eyes-universal\dist\socket.js:140:32
From Your Spec Code:
    at Context.eval (https://automationbookstore.dev/__cypress/tests?p=cypress\support\index.js:10845:13)]]></failure>
    </testcase>
  </testsuite>
</testsuites>